<?xml version="1.0" encoding="UTF-8"?>
<testsuite name="hello.TestGreeter" tests="3" skipped="0" failures="0" errors="0" timestamp="2025-12-25T12:15:17" hostname="predeep-laptop" time="0.013">
  <properties/>
  <testcase name="newtestWMGreeterPass" classname="hello.TestGreeter" time="0.011"/>
  <testcase name="testGreeter" classname="hello.TestGreeter" time="0.0"/>
  <testcase name="testGreeterEmpty" classname="hello.TestGreeter" time="0.001"/>
  <system-out><![CDATA[]]></system-out>
  <system-err><![CDATA[]]></system-err>
</testsuite>
